<?xml version="1.0" encoding="UTF-8"?>
<!-- Generated by org.testng.reporters.JUnitXMLReporter -->
<testsuite hostname="LAPTOP-OIQQGHKO" ignored="0" tests="3" failures="0" timestamp="2022-09-17T02:48:34 IST" time="0.04" errors="0">
  <testcase name="loginwithinvalidcredentials" time="0.007" classname="FacebookLogin"/>
  <testcase name="loginwithvalidcredentials" time="0.001" classname="FacebookLogin"/>
  <testcase name="loginwithvalidusername" time="0.0" classname="FacebookLogin"/>
</testsuite>
