<?xml version="1.0" encoding="UTF-8"?>
<!-- Generated by org.testng.reporters.JUnitXMLReporter -->
<testsuite hostname="LAPTOP-OIQQGHKO" ignored="0" name="Default test" tests="4" failures="0" timestamp="2022-09-19T22:01:36 IST" time="0.044" errors="0">
  <testcase name="testcasefour" time="0.007" classname="com.testing.training.Testgrouping"/>
  <testcase name="testcaseone" time="0.001" classname="com.testing.training.Testgrouping"/>
  <testcase name="testcasethree" time="0.001" classname="com.testing.training.Testgrouping"/>
  <testcase name="testcasetwo" time="0.001" classname="com.testing.training.Testgrouping"/>
</testsuite> <!-- Default test -->
