<?xml version="1.0" encoding="UTF-8"?>
<!-- Generated by org.testng.reporters.JUnitXMLReporter -->
<testsuite hostname="LAPTOP-OIQQGHKO" ignored="2" name="Group Functionality" tests="2" failures="0" timestamp="2021-07-22T00:08:25 IST" time="0.076" errors="0">
  <testcase name="testcaseone" time="0.012" classname="com.testing.training.Testgrouping"/>
  <testcase name="testcasetwo" time="0.001" classname="com.testing.training.Testgrouping"/>
  <testcase name="testcasethree" time="0.0" classname="com.testing.training.Testgrouping">
    <ignored/>
  </testcase> <!-- testcasethree -->
  <testcase name="testcasefour" time="0.0" classname="com.testing.training.Testgrouping">
    <ignored/>
  </testcase> <!-- testcasefour -->
</testsuite> <!-- Group Functionality -->
